<?xml version="1.0" encoding="UTF-8"?>
<testng-results skipped="0" failed="0" ignored="0" total="1" passed="1">
  <reporter-output>
  </reporter-output>
  <suite name="Default suite" duration-ms="54" started-at="2018-06-24T06:07:34Z" finished-at="2018-06-24T06:07:34Z">
    <groups>
    </groups>
    <test name="Default test" duration-ms="54" started-at="2018-06-24T06:07:34Z" finished-at="2018-06-24T06:07:34Z">
      <class name="com.qa.PolyMorphismTestUsingTestNG.Family_Test_Class">
        <test-method status="PASS" signature="PolyMorphism()[pri:0, instance:com.qa.PolyMorphismTestUsingTestNG.Family_Test_Class@46d56d67]" name="PolyMorphism" duration-ms="15" started-at="2018-06-24T06:07:34Z" finished-at="2018-06-24T06:07:34Z">
          <reporter-output>
          </reporter-output>
        </test-method> <!-- PolyMorphism -->
      </class> <!-- com.qa.PolyMorphismTestUsingTestNG.Family_Test_Class -->
    </test> <!-- Default test -->
  </suite> <!-- Default suite -->
</testng-results>
